#
# A fatal error has been detected by the Java Runtime Environment:
#
#  EXCEPTION_ACCESS_VIOLATION (0xc0000005) at pc=0x00007ffdcd2df967, pid=5360, tid=9316
#
# JRE version: Java(TM) SE Runtime Environment (11.0.1+13) (build 11.0.1+13-LTS)
# Java VM: Java HotSpot(TM) 64-Bit Server VM (11.0.1+13-LTS, mixed mode, tiered, compressed oops, g1 gc, windows-amd64)
# Problematic frame:
# V  [jvm.dll+0x6bf967]
#
# No core dump will be written. Minidumps are not enabled by default on client versions of Windows
#
# If you would like to submit a bug report, please visit:
#   http://bugreport.java.com/bugreport/crash.jsp
#

---------------  S U M M A R Y ------------

Command Line: -agentlib:jdwp=transport=dt_socket,suspend=y,address=localhost:57389 -javaagent:C:\Users\Obador\eclipse\java-latest-released\eclipse\configuration\org.eclipse.osgi\626\0\.cp\lib\javaagent-shaded.jar -Dfile.encoding=Cp1252 algorithms.Graph_Algo

Host: Intel(R) Core(TM) i5-2410M CPU @ 2.30GHz, 4 cores, 7G,  Windows 10 , 64 bit Build 18362 (10.0.18362.329)
Time: Fri Dec 20 16:45:39 2019 Jerusalem Standard Time elapsed time: 1363 seconds (0d 0h 22m 43s)

---------------  T H R E A D  ---------------

Current thread (0x0000015269b07000):  JavaThread "main" [_thread_in_vm, id=9316, stack(0x000000456a400000,0x000000456a500000)]

Stack: [0x000000456a400000,0x000000456a500000],  sp=0x000000456a4ff2f0,  free space=1020k
Native frames: (J=compiled Java code, j=interpreted, Vv=VM code, C=native code)
V  [jvm.dll+0x6bf967]
V  [jvm.dll+0x2e3a90]
V  [jvm.dll+0x38cc7f]
V  [jvm.dll+0x38c473]
C  0x000001520002c00e

Java frames: (J=compiled Java code, j=interpreted, Vv=VM code)
j  algorithms.Graph_Algo.main([Ljava/lang/String;)V+302
v  ~StubRoutines::call_stub

siginfo: EXCEPTION_ACCESS_VIOLATION (0xc0000005), reading address 0x0000000000000006


Register to memory mapping:

RIP=0x00007ffdcd2df967 jvm.dll
RAX=0x0 is NULL
RBX=0x000000456a4ff340 is pointing into the stack for thread: 0x0000015269b07000
RCX=0x000000456a4ff340 is pointing into the stack for thread: 0x0000015269b07000
RDX=0x0 is NULL
RSP=0x000000456a4ff2f0 is pointing into the stack for thread: 0x0000015269b07000
RBP=0x000000456a4ff480 is pointing into the stack for thread: 0x0000015269b07000
RSI=0x0000015269b07000 is a thread
RDI=0x0 is NULL
R8 =0x0 is NULL
R9 =0x00000152796917b8 is pointing into metadata
R10=0x0000015200000000 points into unknown readable memory
R11={method} {0x0000015279692e88} 'main' '([Ljava/lang/String;)V' in 'algorithms/Graph_Algo'
R12=0x0000015269b07910 points into unknown readable memory
R13=0x00000000000000b6 is an unknown value
R14=0x0000015269afed00 points into unknown readable memory
R15=0x0 is NULL


Registers:
RAX=0x0000000000000000, RBX=0x000000456a4ff340, RCX=0x000000456a4ff340, RDX=0x0000000000000000
RSP=0x000000456a4ff2f0, RBP=0x000000456a4ff480, RSI=0x0000015269b07000, RDI=0x0000000000000000
R8 =0x0000000000000000, R9 =0x00000152796917b8, R10=0x0000015200000000, R11=0x0000015279692e80
R12=0x0000015269b07910, R13=0x00000000000000b6, R14=0x0000015269afed00, R15=0x0000000000000000
RIP=0x00007ffdcd2df967, EFLAGS=0x0000000000010246

Top of Stack: (sp=0x000000456a4ff2f0)
0x000000456a4ff2f0:   0000000000000004 0000015279970490
0x000000456a4ff300:   0000015269b07000 00007ffdcd22e2d1
0x000000456a4ff310:   000000456a4ff3d0 00007ffdccf03a90
0x000000456a4ff320:   0000015269b07340 0000015278e821e0
0x000000456a4ff330:   0000015279aaffc0 00007ffdcd22e045
0x000000456a4ff340:   00007ffdcd478368 0000000000000000
0x000000456a4ff350:   0000000000000000 0000015200000063
0x000000456a4ff360:   0000000079ac0000 00007ffdccf9a319
0x000000456a4ff370:   0000015279692e80 00007ffdccfacc7f
0x000000456a4ff380:   00000000000000b6 0000000000000000
0x000000456a4ff390:   000000456a4ff480 0000015278e821e0
0x000000456a4ff3a0:   000000000000012e 000000000000003c
0x000000456a4ff3b0:   0000015279692e80 0000015269b07000
0x000000456a4ff3c0:   0000015269b07cf8 000000456a4ff3e0
0x000000456a4ff3d0:   000000456a4ff6c8 000001520002bfb2
0x000000456a4ff3e0:   0000015200008690 0000015200000000 

Instructions: (pc=0x00007ffdcd2df967)
0x00007ffdcd2df947:   83 c4 20 5f c3 cc cc cc cc 40 53 48 83 ec 20 48
0x00007ffdcd2df957:   8b 51 08 33 c0 48 c7 41 10 00 00 00 00 48 8b d9
0x00007ffdcd2df967:   80 7a 06 28 74 26 44 8d 48 28 4c 8d 05 a8 48 22
0x00007ffdcd2df977:   00 8d 50 35 48 8d 0d ae 48 22 00 e8 89 2b ba ff 



---------------  P R O C E S S  ---------------

Threads class SMR info:
_java_thread_list=0x0000015279aaecd0, length=13, elements={
0x0000015269b07000, 0x0000015278e83000, 0x0000015278e8c000, 0x0000015278e9e800,
0x0000015278e9f800, 0x0000015278eab000, 0x0000015278eb2800, 0x0000015278eb8000,
0x000001527996f800, 0x0000015279a4a000, 0x0000015279a4d000, 0x0000015279f3a000,
0x0000015279a2d800
}

Java Threads: ( => current thread )
=>0x0000015269b07000 JavaThread "main" [_thread_in_vm, id=9316, stack(0x000000456a400000,0x000000456a500000)]
  0x0000015278e83000 JavaThread "Reference Handler" daemon [_thread_blocked, id=9152, stack(0x000000456ab00000,0x000000456ac00000)]
  0x0000015278e8c000 JavaThread "Finalizer" daemon [_thread_blocked, id=10576, stack(0x000000456ac00000,0x000000456ad00000)]
  0x0000015278e9e800 JavaThread "Signal Dispatcher" daemon [_thread_blocked, id=8816, stack(0x000000456ad00000,0x000000456ae00000)]
  0x0000015278e9f800 JavaThread "Attach Listener" daemon [_thread_blocked, id=752, stack(0x000000456ae00000,0x000000456af00000)]
  0x0000015278eab000 JavaThread "C2 CompilerThread0" daemon [_thread_blocked, id=5560, stack(0x000000456af00000,0x000000456b000000)]
  0x0000015278eb2800 JavaThread "C1 CompilerThread0" daemon [_thread_blocked, id=1868, stack(0x000000456b000000,0x000000456b100000)]
  0x0000015278eb8000 JavaThread "Sweeper thread" daemon [_thread_blocked, id=1156, stack(0x000000456b100000,0x000000456b200000)]
  0x000001527996f800 JavaThread "Common-Cleaner" daemon [_thread_blocked, id=6224, stack(0x000000456b200000,0x000000456b300000)]
  0x0000015279a4a000 JavaThread "JDWP Transport Listener: dt_socket" daemon [_thread_blocked, id=944, stack(0x000000456b300000,0x000000456b400000)]
  0x0000015279a4d000 JavaThread "JDWP Event Helper Thread" daemon [_thread_blocked, id=764, stack(0x000000456b400000,0x000000456b500000)]
  0x0000015279f3a000 JavaThread "JDWP Command Reader" daemon [_thread_in_native, id=6796, stack(0x000000456b500000,0x000000456b600000)]
  0x0000015279a2d800 JavaThread "Service Thread" daemon [_thread_blocked, id=3572, stack(0x000000456b600000,0x000000456b700000)]

Other Threads:
  0x0000015278e61800 VMThread "VM Thread" [stack: 0x000000456aa00000,0x000000456ab00000] [id=7568]
  0x0000015279fef000 WatcherThread [stack: 0x000000456b700000,0x000000456b800000] [id=2300]
  0x0000015269b1d800 GCTaskThread "GC Thread#0" [stack: 0x000000456a500000,0x000000456a600000] [id=344]
  0x0000015269b50000 ConcurrentGCThread "G1 Main Marker" [stack: 0x000000456a600000,0x000000456a700000] [id=10672]
  0x0000015269b56000 ConcurrentGCThread "G1 Conc#0" [stack: 0x000000456a700000,0x000000456a800000] [id=5172]
  0x0000015278cd0800 ConcurrentGCThread "G1 Refine#0" [stack: 0x000000456a800000,0x000000456a900000] [id=2488]
  0x0000015269bd9800 ConcurrentGCThread "G1 Young RemSet Sampling" [stack: 0x000000456a900000,0x000000456aa00000] [id=3260]

Threads with active compile tasks:

VM state:not at safepoint (normal execution)

VM Mutex/Monitor currently owned by a thread: None

Heap address: 0x0000000081400000, size: 2028 MB, Compressed Oops mode: 32-bit
Narrow klass base: 0x0000000000000000, Narrow klass shift: 3
Compressed class space size: 1073741824 Address: 0x0000000100000000

Heap:
 garbage-first heap   total 131072K, used 7168K [0x0000000081400000, 0x0000000100000000)
  region size 1024K, 8 young (8192K), 0 survivors (0K)
 Metaspace       used 9624K, capacity 9730K, committed 9856K, reserved 1058816K
  class space    used 798K, capacity 834K, committed 896K, reserved 1048576K
Heap Regions: E=young(eden), S=young(survivor), O=old, HS=humongous(starts), HC=humongous(continues), CS=collection set, F=free, A=archive, TAMS=top-at-mark-start (previous, next)
|   0|0x0000000081400000, 0x0000000081400000, 0x0000000081500000|  0%| F|  |TAMS 0x0000000081400000, 0x0000000081400000| Untracked 
|   1|0x0000000081500000, 0x0000000081500000, 0x0000000081600000|  0%| F|  |TAMS 0x0000000081500000, 0x0000000081500000| Untracked 
|   2|0x0000000081600000, 0x0000000081600000, 0x0000000081700000|  0%| F|  |TAMS 0x0000000081600000, 0x0000000081600000| Untracked 
|   3|0x0000000081700000, 0x0000000081700000, 0x0000000081800000|  0%| F|  |TAMS 0x0000000081700000, 0x0000000081700000| Untracked 
|   4|0x0000000081800000, 0x0000000081800000, 0x0000000081900000|  0%| F|  |TAMS 0x0000000081800000, 0x0000000081800000| Untracked 
|   5|0x0000000081900000, 0x0000000081900000, 0x0000000081a00000|  0%| F|  |TAMS 0x0000000081900000, 0x0000000081900000| Untracked 
|   6|0x0000000081a00000, 0x0000000081a00000, 0x0000000081b00000|  0%| F|  |TAMS 0x0000000081a00000, 0x0000000081a00000| Untracked 
|   7|0x0000000081b00000, 0x0000000081b00000, 0x0000000081c00000|  0%| F|  |TAMS 0x0000000081b00000, 0x0000000081b00000| Untracked 
|   8|0x0000000081c00000, 0x0000000081c00000, 0x0000000081d00000|  0%| F|  |TAMS 0x0000000081c00000, 0x0000000081c00000| Untracked 
|   9|0x0000000081d00000, 0x0000000081d00000, 0x0000000081e00000|  0%| F|  |TAMS 0x0000000081d00000, 0x0000000081d00000| Untracked 
|  10|0x0000000081e00000, 0x0000000081e00000, 0x0000000081f00000|  0%| F|  |TAMS 0x0000000081e00000, 0x0000000081e00000| Untracked 
|  11|0x0000000081f00000, 0x0000000081f00000, 0x0000000082000000|  0%| F|  |TAMS 0x0000000081f00000, 0x0000000081f00000| Untracked 
|  12|0x0000000082000000, 0x0000000082000000, 0x0000000082100000|  0%| F|  |TAMS 0x0000000082000000, 0x0000000082000000| Untracked 
|  13|0x0000000082100000, 0x0000000082100000, 0x0000000082200000|  0%| F|  |TAMS 0x0000000082100000, 0x0000000082100000| Untracked 
|  14|0x0000000082200000, 0x0000000082200000, 0x0000000082300000|  0%| F|  |TAMS 0x0000000082200000, 0x0000000082200000| Untracked 
|  15|0x0000000082300000, 0x0000000082300000, 0x0000000082400000|  0%| F|  |TAMS 0x0000000082300000, 0x0000000082300000| Untracked 
|  16|0x0000000082400000, 0x0000000082400000, 0x0000000082500000|  0%| F|  |TAMS 0x0000000082400000, 0x0000000082400000| Untracked 
|  17|0x0000000082500000, 0x0000000082500000, 0x0000000082600000|  0%| F|  |TAMS 0x0000000082500000, 0x0000000082500000| Untracked 
|  18|0x0000000082600000, 0x0000000082600000, 0x0000000082700000|  0%| F|  |TAMS 0x0000000082600000, 0x0000000082600000| Untracked 
|  19|0x0000000082700000, 0x0000000082700000, 0x0000000082800000|  0%| F|  |TAMS 0x0000000082700000, 0x0000000082700000| Untracked 
|  20|0x0000000082800000, 0x0000000082800000, 0x0000000082900000|  0%| F|  |TAMS 0x0000000082800000, 0x0000000082800000| Untracked 
|  21|0x0000000082900000, 0x0000000082900000, 0x0000000082a00000|  0%| F|  |TAMS 0x0000000082900000, 0x0000000082900000| Untracked 
|  22|0x0000000082a00000, 0x0000000082a00000, 0x0000000082b00000|  0%| F|  |TAMS 0x0000000082a00000, 0x0000000082a00000| Untracked 
|  23|0x0000000082b00000, 0x0000000082b00000, 0x0000000082c00000|  0%| F|  |TAMS 0x0000000082b00000, 0x0000000082b00000| Untracked 
|  24|0x0000000082c00000, 0x0000000082c00000, 0x0000000082d00000|  0%| F|  |TAMS 0x0000000082c00000, 0x0000000082c00000| Untracked 
|  25|0x0000000082d00000, 0x0000000082d00000, 0x0000000082e00000|  0%| F|  |TAMS 0x0000000082d00000, 0x0000000082d00000| Untracked 
|  26|0x0000000082e00000, 0x0000000082e00000, 0x0000000082f00000|  0%| F|  |TAMS 0x0000000082e00000, 0x0000000082e00000| Untracked 
|  27|0x0000000082f00000, 0x0000000082f00000, 0x0000000083000000|  0%| F|  |TAMS 0x0000000082f00000, 0x0000000082f00000| Untracked 
|  28|0x0000000083000000, 0x0000000083000000, 0x0000000083100000|  0%| F|  |TAMS 0x0000000083000000, 0x0000000083000000| Untracked 
|  29|0x0000000083100000, 0x0000000083100000, 0x0000000083200000|  0%| F|  |TAMS 0x0000000083100000, 0x0000000083100000| Untracked 
|  30|0x0000000083200000, 0x0000000083200000, 0x0000000083300000|  0%| F|  |TAMS 0x0000000083200000, 0x0000000083200000| Untracked 
|  31|0x0000000083300000, 0x0000000083300000, 0x0000000083400000|  0%| F|  |TAMS 0x0000000083300000, 0x0000000083300000| Untracked 
|  32|0x0000000083400000, 0x0000000083400000, 0x0000000083500000|  0%| F|  |TAMS 0x0000000083400000, 0x0000000083400000| Untracked 
|  33|0x0000000083500000, 0x0000000083500000, 0x0000000083600000|  0%| F|  |TAMS 0x0000000083500000, 0x0000000083500000| Untracked 
|  34|0x0000000083600000, 0x0000000083600000, 0x0000000083700000|  0%| F|  |TAMS 0x0000000083600000, 0x0000000083600000| Untracked 
|  35|0x0000000083700000, 0x0000000083700000, 0x0000000083800000|  0%| F|  |TAMS 0x0000000083700000, 0x0000000083700000| Untracked 
|  36|0x0000000083800000, 0x0000000083800000, 0x0000000083900000|  0%| F|  |TAMS 0x0000000083800000, 0x0000000083800000| Untracked 
|  37|0x0000000083900000, 0x0000000083900000, 0x0000000083a00000|  0%| F|  |TAMS 0x0000000083900000, 0x0000000083900000| Untracked 
|  38|0x0000000083a00000, 0x0000000083a00000, 0x0000000083b00000|  0%| F|  |TAMS 0x0000000083a00000, 0x0000000083a00000| Untracked 
|  39|0x0000000083b00000, 0x0000000083b00000, 0x0000000083c00000|  0%| F|  |TAMS 0x0000000083b00000, 0x0000000083b00000| Untracked 
|  40|0x0000000083c00000, 0x0000000083c00000, 0x0000000083d00000|  0%| F|  |TAMS 0x0000000083c00000, 0x0000000083c00000| Untracked 
|  41|0x0000000083d00000, 0x0000000083d00000, 0x0000000083e00000|  0%| F|  |TAMS 0x0000000083d00000, 0x0000000083d00000| Untracked 
|  42|0x0000000083e00000, 0x0000000083e00000, 0x0000000083f00000|  0%| F|  |TAMS 0x0000000083e00000, 0x0000000083e00000| Untracked 
|  43|0x0000000083f00000, 0x0000000083f00000, 0x0000000084000000|  0%| F|  |TAMS 0x0000000083f00000, 0x0000000083f00000| Untracked 
|  44|0x0000000084000000, 0x0000000084000000, 0x0000000084100000|  0%| F|  |TAMS 0x0000000084000000, 0x0000000084000000| Untracked 
|  45|0x0000000084100000, 0x0000000084100000, 0x0000000084200000|  0%| F|  |TAMS 0x0000000084100000, 0x0000000084100000| Untracked 
|  46|0x0000000084200000, 0x0000000084200000, 0x0000000084300000|  0%| F|  |TAMS 0x0000000084200000, 0x0000000084200000| Untracked 
|  47|0x0000000084300000, 0x0000000084300000, 0x0000000084400000|  0%| F|  |TAMS 0x0000000084300000, 0x0000000084300000| Untracked 
|  48|0x0000000084400000, 0x0000000084400000, 0x0000000084500000|  0%| F|  |TAMS 0x0000000084400000, 0x0000000084400000| Untracked 
|  49|0x0000000084500000, 0x0000000084500000, 0x0000000084600000|  0%| F|  |TAMS 0x0000000084500000, 0x0000000084500000| Untracked 
|  50|0x0000000084600000, 0x0000000084600000, 0x0000000084700000|  0%| F|  |TAMS 0x0000000084600000, 0x0000000084600000| Untracked 
|  51|0x0000000084700000, 0x0000000084700000, 0x0000000084800000|  0%| F|  |TAMS 0x0000000084700000, 0x0000000084700000| Untracked 
|  52|0x0000000084800000, 0x0000000084800000, 0x0000000084900000|  0%| F|  |TAMS 0x0000000084800000, 0x0000000084800000| Untracked 
|  53|0x0000000084900000, 0x0000000084900000, 0x0000000084a00000|  0%| F|  |TAMS 0x0000000084900000, 0x0000000084900000| Untracked 
|  54|0x0000000084a00000, 0x0000000084a00000, 0x0000000084b00000|  0%| F|  |TAMS 0x0000000084a00000, 0x0000000084a00000| Untracked 
|  55|0x0000000084b00000, 0x0000000084b00000, 0x0000000084c00000|  0%| F|  |TAMS 0x0000000084b00000, 0x0000000084b00000| Untracked 
|  56|0x0000000084c00000, 0x0000000084c00000, 0x0000000084d00000|  0%| F|  |TAMS 0x0000000084c00000, 0x0000000084c00000| Untracked 
|  57|0x0000000084d00000, 0x0000000084d00000, 0x0000000084e00000|  0%| F|  |TAMS 0x0000000084d00000, 0x0000000084d00000| Untracked 
|  58|0x0000000084e00000, 0x0000000084e00000, 0x0000000084f00000|  0%| F|  |TAMS 0x0000000084e00000, 0x0000000084e00000| Untracked 
|  59|0x0000000084f00000, 0x0000000084f00000, 0x0000000085000000|  0%| F|  |TAMS 0x0000000084f00000, 0x0000000084f00000| Untracked 
|  60|0x0000000085000000, 0x0000000085000000, 0x0000000085100000|  0%| F|  |TAMS 0x0000000085000000, 0x0000000085000000| Untracked 
|  61|0x0000000085100000, 0x0000000085100000, 0x0000000085200000|  0%| F|  |TAMS 0x0000000085100000, 0x0000000085100000| Untracked 
|  62|0x0000000085200000, 0x0000000085200000, 0x0000000085300000|  0%| F|  |TAMS 0x0000000085200000, 0x0000000085200000| Untracked 
|  63|0x0000000085300000, 0x0000000085300000, 0x0000000085400000|  0%| F|  |TAMS 0x0000000085300000, 0x0000000085300000| Untracked 
|  64|0x0000000085400000, 0x0000000085400000, 0x0000000085500000|  0%| F|  |TAMS 0x0000000085400000, 0x0000000085400000| Untracked 
|  65|0x0000000085500000, 0x0000000085500000, 0x0000000085600000|  0%| F|  |TAMS 0x0000000085500000, 0x0000000085500000| Untracked 
|  66|0x0000000085600000, 0x0000000085600000, 0x0000000085700000|  0%| F|  |TAMS 0x0000000085600000, 0x0000000085600000| Untracked 
|  67|0x0000000085700000, 0x0000000085700000, 0x0000000085800000|  0%| F|  |TAMS 0x0000000085700000, 0x0000000085700000| Untracked 
|  68|0x0000000085800000, 0x0000000085800000, 0x0000000085900000|  0%| F|  |TAMS 0x0000000085800000, 0x0000000085800000| Untracked 
|  69|0x0000000085900000, 0x0000000085900000, 0x0000000085a00000|  0%| F|  |TAMS 0x0000000085900000, 0x0000000085900000| Untracked 
|  70|0x0000000085a00000, 0x0000000085a00000, 0x0000000085b00000|  0%| F|  |TAMS 0x0000000085a00000, 0x0000000085a00000| Untracked 
|  71|0x0000000085b00000, 0x0000000085b00000, 0x0000000085c00000|  0%| F|  |TAMS 0x0000000085b00000, 0x0000000085b00000| Untracked 
|  72|0x0000000085c00000, 0x0000000085c00000, 0x0000000085d00000|  0%| F|  |TAMS 0x0000000085c00000, 0x0000000085c00000| Untracked 
|  73|0x0000000085d00000, 0x0000000085d00000, 0x0000000085e00000|  0%| F|  |TAMS 0x0000000085d00000, 0x0000000085d00000| Untracked 
|  74|0x0000000085e00000, 0x0000000085e00000, 0x0000000085f00000|  0%| F|  |TAMS 0x0000000085e00000, 0x0000000085e00000| Untracked 
|  75|0x0000000085f00000, 0x0000000085f00000, 0x0000000086000000|  0%| F|  |TAMS 0x0000000085f00000, 0x0000000085f00000| Untracked 
|  76|0x0000000086000000, 0x0000000086000000, 0x0000000086100000|  0%| F|  |TAMS 0x0000000086000000, 0x0000000086000000| Untracked 
|  77|0x0000000086100000, 0x0000000086100000, 0x0000000086200000|  0%| F|  |TAMS 0x0000000086100000, 0x0000000086100000| Untracked 
|  78|0x0000000086200000, 0x0000000086200000, 0x0000000086300000|  0%| F|  |TAMS 0x0000000086200000, 0x0000000086200000| Untracked 
|  79|0x0000000086300000, 0x0000000086300000, 0x0000000086400000|  0%| F|  |TAMS 0x0000000086300000, 0x0000000086300000| Untracked 
|  80|0x0000000086400000, 0x0000000086400000, 0x0000000086500000|  0%| F|  |TAMS 0x0000000086400000, 0x0000000086400000| Untracked 
|  81|0x0000000086500000, 0x0000000086500000, 0x0000000086600000|  0%| F|  |TAMS 0x0000000086500000, 0x0000000086500000| Untracked 
|  82|0x0000000086600000, 0x0000000086600000, 0x0000000086700000|  0%| F|  |TAMS 0x0000000086600000, 0x0000000086600000| Untracked 
|  83|0x0000000086700000, 0x0000000086700000, 0x0000000086800000|  0%| F|  |TAMS 0x0000000086700000, 0x0000000086700000| Untracked 
|  84|0x0000000086800000, 0x0000000086800000, 0x0000000086900000|  0%| F|  |TAMS 0x0000000086800000, 0x0000000086800000| Untracked 
|  85|0x0000000086900000, 0x0000000086900000, 0x0000000086a00000|  0%| F|  |TAMS 0x0000000086900000, 0x0000000086900000| Untracked 
|  86|0x0000000086a00000, 0x0000000086a00000, 0x0000000086b00000|  0%| F|  |TAMS 0x0000000086a00000, 0x0000000086a00000| Untracked 
|  87|0x0000000086b00000, 0x0000000086b00000, 0x0000000086c00000|  0%| F|  |TAMS 0x0000000086b00000, 0x0000000086b00000| Untracked 
|  88|0x0000000086c00000, 0x0000000086c00000, 0x0000000086d00000|  0%| F|  |TAMS 0x0000000086c00000, 0x0000000086c00000| Untracked 
|  89|0x0000000086d00000, 0x0000000086d00000, 0x0000000086e00000|  0%| F|  |TAMS 0x0000000086d00000, 0x0000000086d00000| Untracked 
|  90|0x0000000086e00000, 0x0000000086e00000, 0x0000000086f00000|  0%| F|  |TAMS 0x0000000086e00000, 0x0000000086e00000| Untracked 
|  91|0x0000000086f00000, 0x0000000086f00000, 0x0000000087000000|  0%| F|  |TAMS 0x0000000086f00000, 0x0000000086f00000| Untracked 
|  92|0x0000000087000000, 0x0000000087000000, 0x0000000087100000|  0%| F|  |TAMS 0x0000000087000000, 0x0000000087000000| Untracked 
|  93|0x0000000087100000, 0x0000000087100000, 0x0000000087200000|  0%| F|  |TAMS 0x0000000087100000, 0x0000000087100000| Untracked 
|  94|0x0000000087200000, 0x0000000087200000, 0x0000000087300000|  0%| F|  |TAMS 0x0000000087200000, 0x0000000087200000| Untracked 
|  95|0x0000000087300000, 0x0000000087300000, 0x0000000087400000|  0%| F|  |TAMS 0x0000000087300000, 0x0000000087300000| Untracked 
|  96|0x0000000087400000, 0x0000000087400000, 0x0000000087500000|  0%| F|  |TAMS 0x0000000087400000, 0x0000000087400000| Untracked 
|  97|0x0000000087500000, 0x0000000087500000, 0x0000000087600000|  0%| F|  |TAMS 0x0000000087500000, 0x0000000087500000| Untracked 
|  98|0x0000000087600000, 0x0000000087600000, 0x0000000087700000|  0%| F|  |TAMS 0x0000000087600000, 0x0000000087600000| Untracked 
|  99|0x0000000087700000, 0x0000000087700000, 0x0000000087800000|  0%| F|  |TAMS 0x0000000087700000, 0x0000000087700000| Untracked 
| 100|0x0000000087800000, 0x0000000087800000, 0x0000000087900000|  0%| F|  |TAMS 0x0000000087800000, 0x0000000087800000| Untracked 
| 101|0x0000000087900000, 0x0000000087900000, 0x0000000087a00000|  0%| F|  |TAMS 0x0000000087900000, 0x0000000087900000| Untracked 
| 102|0x0000000087a00000, 0x0000000087a00000, 0x0000000087b00000|  0%| F|  |TAMS 0x0000000087a00000, 0x0000000087a00000| Untracked 
| 103|0x0000000087b00000, 0x0000000087b00000, 0x0000000087c00000|  0%| F|  |TAMS 0x0000000087b00000, 0x0000000087b00000| Untracked 
| 104|0x0000000087c00000, 0x0000000087c00000, 0x0000000087d00000|  0%| F|  |TAMS 0x0000000087c00000, 0x0000000087c00000| Untracked 
| 105|0x0000000087d00000, 0x0000000087d00000, 0x0000000087e00000|  0%| F|  |TAMS 0x0000000087d00000, 0x0000000087d00000| Untracked 
| 106|0x0000000087e00000, 0x0000000087e00000, 0x0000000087f00000|  0%| F|  |TAMS 0x0000000087e00000, 0x0000000087e00000| Untracked 
| 107|0x0000000087f00000, 0x0000000087f00000, 0x0000000088000000|  0%| F|  |TAMS 0x0000000087f00000, 0x0000000087f00000| Untracked 
| 108|0x0000000088000000, 0x0000000088000000, 0x0000000088100000|  0%| F|  |TAMS 0x0000000088000000, 0x0000000088000000| Untracked 
| 109|0x0000000088100000, 0x0000000088100000, 0x0000000088200000|  0%| F|  |TAMS 0x0000000088100000, 0x0000000088100000| Untracked 
| 110|0x0000000088200000, 0x0000000088200000, 0x0000000088300000|  0%| F|  |TAMS 0x0000000088200000, 0x0000000088200000| Untracked 
| 111|0x0000000088300000, 0x0000000088300000, 0x0000000088400000|  0%| F|  |TAMS 0x0000000088300000, 0x0000000088300000| Untracked 
| 112|0x0000000088400000, 0x0000000088400000, 0x0000000088500000|  0%| F|  |TAMS 0x0000000088400000, 0x0000000088400000| Untracked 
| 113|0x0000000088500000, 0x0000000088500000, 0x0000000088600000|  0%| F|  |TAMS 0x0000000088500000, 0x0000000088500000| Untracked 
| 114|0x0000000088600000, 0x0000000088600000, 0x0000000088700000|  0%| F|  |TAMS 0x0000000088600000, 0x0000000088600000| Untracked 
| 115|0x0000000088700000, 0x0000000088700000, 0x0000000088800000|  0%| F|  |TAMS 0x0000000088700000, 0x0000000088700000| Untracked 
| 116|0x0000000088800000, 0x0000000088800000, 0x0000000088900000|  0%| F|  |TAMS 0x0000000088800000, 0x0000000088800000| Untracked 
| 117|0x0000000088900000, 0x0000000088900000, 0x0000000088a00000|  0%| F|  |TAMS 0x0000000088900000, 0x0000000088900000| Untracked 
| 118|0x0000000088a00000, 0x0000000088a00000, 0x0000000088b00000|  0%| F|  |TAMS 0x0000000088a00000, 0x0000000088a00000| Untracked 
| 119|0x0000000088b00000, 0x0000000088b00000, 0x0000000088c00000|  0%| F|  |TAMS 0x0000000088b00000, 0x0000000088b00000| Untracked 
| 120|0x0000000088c00000, 0x0000000088cd9988, 0x0000000088d00000| 84%| E|  |TAMS 0x0000000088c00000, 0x0000000088c00000| Complete 
| 121|0x0000000088d00000, 0x0000000088e00000, 0x0000000088e00000|100%| E|CS|TAMS 0x0000000088d00000, 0x0000000088d00000| Complete 
| 122|0x0000000088e00000, 0x0000000088f00000, 0x0000000088f00000|100%| E|CS|TAMS 0x0000000088e00000, 0x0000000088e00000| Complete 
| 123|0x0000000088f00000, 0x0000000089000000, 0x0000000089000000|100%| E|CS|TAMS 0x0000000088f00000, 0x0000000088f00000| Complete 
| 124|0x0000000089000000, 0x0000000089100000, 0x0000000089100000|100%| E|CS|TAMS 0x0000000089000000, 0x0000000089000000| Complete 
| 125|0x0000000089100000, 0x0000000089200000, 0x0000000089200000|100%| E|CS|TAMS 0x0000000089100000, 0x0000000089100000| Complete 
| 126|0x0000000089200000, 0x0000000089300000, 0x0000000089300000|100%| E|CS|TAMS 0x0000000089200000, 0x0000000089200000| Complete 
| 127|0x0000000089300000, 0x0000000089400000, 0x0000000089400000|100%| E|CS|TAMS 0x0000000089300000, 0x0000000089300000| Complete 

Card table byte_map: [0x0000015272230000,0x0000015272630000] _byte_map_base: 0x0000015271e26000

Marking Bits (Prev, Next): (CMBitMap*) 0x0000015269b47198, (CMBitMap*) 0x0000015269b471d0
 Prev Bits: [0x0000015272a30000, 0x00000152749e0000)
 Next Bits: [0x00000152749e0000, 0x0000015276990000)

Polling page: 0x00000152678a0000

Metaspace:

Usage:
  Non-class:      8.69 MB capacity,     8.62 MB (>99%) used,    62.51 KB ( <1%) free+waste,     7.19 KB ( <1%) overhead. 
      Class:    834.00 KB capacity,   798.39 KB ( 96%) used,    33.11 KB (  4%) free+waste,     2.50 KB ( <1%) overhead. 
       Both:      9.50 MB capacity,     9.40 MB ( 99%) used,    95.62 KB ( <1%) free+waste,     9.69 KB ( <1%) overhead. 

Virtual space:
  Non-class space:       10.00 MB reserved,       8.75 MB ( 88%) committed 
      Class space:        1.00 GB reserved,     896.00 KB ( <1%) committed 
             Both:        1.01 GB reserved,       9.63 MB ( <1%) committed 

Chunk freelists:
   Non-Class:  0 bytes
       Class:  3.75 KB
        Both:  3.75 KB

CodeHeap 'non-profiled nmethods': size=120064Kb used=442Kb max_used=442Kb free=119621Kb
 bounds [0x0000015207ac0000, 0x0000015207d30000, 0x000001520f000000]
CodeHeap 'profiled nmethods': size=120000Kb used=879Kb max_used=884Kb free=119121Kb
 bounds [0x0000015200590000, 0x0000015200800000, 0x0000015207ac0000]
CodeHeap 'non-nmethods': size=5696Kb used=1149Kb max_used=1261Kb free=4546Kb
 bounds [0x0000015200000000, 0x0000015200270000, 0x0000015200590000]
 total_blobs=987 nmethods=434 adapters=282
 compilation: enabled
              stopped_count=0, restarted_count=0
 full_count=0

Compilation events (10 events):
Event: 1072.962 Thread 0x0000015278eab000  480 %     4       org.eclipse.jdt.launching.internal.org.objectweb.asm.ClassReader::readCode @ 2165 (5089 bytes)
Event: 1075.275 Thread 0x0000015278eab000 nmethod 480% 0x0000015207af4910 code [0x0000015207af4fc0, 0x0000015207b0e0e8]
Event: 1096.742 Thread 0x0000015278eb2800  481       3       org.eclipse.jdt.launching.internal.org.objectweb.asm.MethodVisitor::<init> (66 bytes)
Event: 1096.744 Thread 0x0000015278eb2800 nmethod 481 0x00000152005c8390 code [0x00000152005c8620, 0x00000152005c90c0]
Event: 1234.430 Thread 0x0000015278eab000  482       4       org.eclipse.jdt.launching.internal.org.objectweb.asm.SymbolTable::addConstantMemberReference (147 bytes)
Event: 1234.651 Thread 0x0000015278eab000 nmethod 482 0x0000015207b16010 code [0x0000015207b16300, 0x0000015207b19430]
Event: 1318.322 Thread 0x0000015278eab000  483 %     4       org.eclipse.jdt.launching.internal.org.objectweb.asm.ClassReader::readCode @ 71 (5089 bytes)
Event: 1319.065 Thread 0x0000015278eab000 nmethod 483% 0x0000015207b1af10 code [0x0000015207b1b560, 0x0000015207b27300]
Event: 1340.437 Thread 0x0000015278eb2800  484       1       java.security.CodeSource::getLocation (5 bytes)
Event: 1340.437 Thread 0x0000015278eb2800 nmethod 484 0x0000015207acf610 code [0x0000015207acf7c0, 0x0000015207acf8d8]

GC Heap History (0 events):
No events

Deoptimization events (5 events):
Event: 0.293 Thread 0x0000015269b07000 Uncommon trap: reason=class_check action=maybe_recompile pc=0x0000015207ace70c method=java.util.HashMap.putVal(ILjava/lang/Object;Ljava/lang/Object;ZZ)Ljava/lang/Object; @ 152 c2
Event: 0.310 Thread 0x0000015269b07000 Uncommon trap: reason=class_check action=maybe_recompile pc=0x0000015207ace70c method=java.util.HashMap.putVal(ILjava/lang/Object;Ljava/lang/Object;ZZ)Ljava/lang/Object; @ 152 c2
Event: 0.328 Thread 0x0000015269b07000 Uncommon trap: reason=class_check action=maybe_recompile pc=0x0000015207ace70c method=java.util.HashMap.putVal(ILjava/lang/Object;Ljava/lang/Object;ZZ)Ljava/lang/Object; @ 152 c2
Event: 0.352 Thread 0x0000015269b07000 Uncommon trap: reason=class_check action=maybe_recompile pc=0x0000015207ace70c method=java.util.HashMap.putVal(ILjava/lang/Object;Ljava/lang/Object;ZZ)Ljava/lang/Object; @ 152 c2
Event: 0.482 Thread 0x0000015269b07000 Uncommon trap: reason=unstable_if action=reinterpret pc=0x0000015207acf878 method=java.lang.String.isLatin1()Z @ 10 c2

Classes redefined (10 events):
Event: 1055.068 Thread 0x0000015278e61800 redefined class name=algorithms.Graph_Algo, count=31
Event: 1065.121 Thread 0x0000015278e61800 redefined class name=algorithms.Graph_Algo, count=32
Event: 1069.266 Thread 0x0000015278e61800 redefined class name=algorithms.Graph_Algo, count=33
Event: 1072.971 Thread 0x0000015278e61800 redefined class name=algorithms.Graph_Algo, count=34
Event: 1088.814 Thread 0x0000015278e61800 redefined class name=algorithms.Graph_Algo, count=35
Event: 1096.750 Thread 0x0000015278e61800 redefined class name=algorithms.Graph_Algo, count=36
Event: 1234.436 Thread 0x0000015278e61800 redefined class name=algorithms.Graph_Algo, count=37
Event: 1254.029 Thread 0x0000015278e61800 redefined class name=algorithms.Graph_Algo, count=38
Event: 1318.328 Thread 0x0000015278e61800 redefined class name=algorithms.Graph_Algo, count=39
Event: 1340.446 Thread 0x0000015278e61800 redefined class name=algorithms.Graph_Algo, count=40

Internal exceptions (0 events):
No events

Events (10 events):
Event: 1363.883 Executing VM operation: ChangeSingleStep
Event: 1363.883 Executing VM operation: ChangeSingleStep done
Event: 1363.884 Executing VM operation: GetFrameCount
Event: 1363.884 Executing VM operation: GetFrameCount done
Event: 1363.884 Executing VM operation: GetFrameCount
Event: 1363.884 Executing VM operation: GetFrameCount done
Event: 1363.884 Executing VM operation: GetStackTrace
Event: 1363.884 Executing VM operation: GetStackTrace done
Event: 1363.884 Executing VM operation: GetFrameLocation
Event: 1363.885 Executing VM operation: GetFrameLocation done


Dynamic libraries:
0x00007ff734000000 - 0x00007ff734047000 	C:\Program Files\Java\jdk-11.0.1\bin\javaw.exe
0x00007ffe02180000 - 0x00007ffe02370000 	C:\Windows\SYSTEM32\ntdll.dll
0x00007ffe018b0000 - 0x00007ffe01962000 	C:\Windows\System32\KERNEL32.DLL
0x00007ffdff290000 - 0x00007ffdff533000 	C:\Windows\System32\KERNELBASE.dll
0x00007ffe00880000 - 0x00007ffe00923000 	C:\Windows\System32\ADVAPI32.dll
0x00007ffe011e0000 - 0x00007ffe0127e000 	C:\Windows\System32\msvcrt.dll
0x00007ffe01810000 - 0x00007ffe018a7000 	C:\Windows\System32\sechost.dll
0x00007ffe00930000 - 0x00007ffe00a50000 	C:\Windows\System32\RPCRT4.dll
0x00007ffe013a0000 - 0x00007ffe01534000 	C:\Windows\System32\USER32.dll
0x00007ffe000b0000 - 0x00007ffe000d1000 	C:\Windows\System32\win32u.dll
0x00007ffe01610000 - 0x00007ffe01636000 	C:\Windows\System32\GDI32.dll
0x00007ffdff560000 - 0x00007ffdff6f4000 	C:\Windows\System32\gdi32full.dll
0x00007ffe00190000 - 0x00007ffe0022e000 	C:\Windows\System32\msvcp_win.dll
0x00007ffdff750000 - 0x00007ffdff84a000 	C:\Windows\System32\ucrtbase.dll
0x00007ffdf7a00000 - 0x00007ffdf7c85000 	C:\Windows\WinSxS\amd64_microsoft.windows.common-controls_6595b64144ccf1df_6.0.18362.535_none_e6c3b34713100821\COMCTL32.dll
0x00007ffe00c20000 - 0x00007ffe00f56000 	C:\Windows\System32\combase.dll
0x00007ffdf53f0000 - 0x00007ffdf53fa000 	C:\Windows\SYSTEM32\VERSION.dll
0x00007ffdff850000 - 0x00007ffdff8d0000 	C:\Windows\System32\bcryptPrimitives.dll
0x00007ffe01370000 - 0x00007ffe0139e000 	C:\Windows\System32\IMM32.DLL
0x00007ffdfaf60000 - 0x00007ffdfaf76000 	C:\Program Files\Java\jdk-11.0.1\bin\vcruntime140.dll
0x00007ffdde090000 - 0x00007ffdde13a000 	C:\Program Files\Java\jdk-11.0.1\bin\msvcp140.dll
0x00007ffdccc20000 - 0x00007ffdcd762000 	C:\Program Files\Java\jdk-11.0.1\bin\server\jvm.dll
0x00007ffe016f0000 - 0x00007ffe016f8000 	C:\Windows\System32\PSAPI.DLL
0x00007ffdfaf80000 - 0x00007ffdfaf89000 	C:\Windows\SYSTEM32\WSOCK32.dll
0x00007ffe00240000 - 0x00007ffe002af000 	C:\Windows\System32\WS2_32.dll
0x00007ffdf64b0000 - 0x00007ffdf64d4000 	C:\Windows\SYSTEM32\WINMM.dll
0x00007ffdf6480000 - 0x00007ffdf64ad000 	C:\Windows\SYSTEM32\WINMMBASE.dll
0x00007ffdff700000 - 0x00007ffdff74a000 	C:\Windows\System32\cfgmgr32.dll
0x00007ffdff0d0000 - 0x00007ffdff0e1000 	C:\Windows\System32\kernel.appcore.dll
0x00007ffdf9ec0000 - 0x00007ffdf9ed1000 	C:\Program Files\Java\jdk-11.0.1\bin\verify.dll
0x00007ffdfa1c0000 - 0x00007ffdfa3b4000 	C:\Windows\SYSTEM32\DBGHELP.DLL
0x00007ffdf9900000 - 0x00007ffdf992a000 	C:\Windows\SYSTEM32\dbgcore.DLL
0x00007ffdf87d0000 - 0x00007ffdf87f9000 	C:\Program Files\Java\jdk-11.0.1\bin\java.dll
0x00007ffdde050000 - 0x00007ffdde087000 	C:\Program Files\Java\jdk-11.0.1\bin\jdwp.dll
0x00007ffdde240000 - 0x00007ffdde26f000 	C:\Program Files\Java\jdk-11.0.1\bin\instrument.dll
0x00007ffdf9ea0000 - 0x00007ffdf9eb6000 	C:\Program Files\Java\jdk-11.0.1\bin\zip.dll
0x00007ffdf96b0000 - 0x00007ffdf96ba000 	C:\Program Files\Java\jdk-11.0.1\bin\jimage.dll
0x00007ffe01970000 - 0x00007ffe02055000 	C:\Windows\System32\SHELL32.dll
0x00007ffe01640000 - 0x00007ffe016e9000 	C:\Windows\System32\shcore.dll
0x00007ffdff8d0000 - 0x00007ffe0004f000 	C:\Windows\System32\windows.storage.dll
0x00007ffdff0f0000 - 0x00007ffdff10f000 	C:\Windows\System32\profapi.dll
0x00007ffdff060000 - 0x00007ffdff0aa000 	C:\Windows\System32\powrprof.dll
0x00007ffdff050000 - 0x00007ffdff060000 	C:\Windows\System32\UMPDC.dll
0x00007ffe017b0000 - 0x00007ffe01802000 	C:\Windows\System32\shlwapi.dll
0x00007ffdff540000 - 0x00007ffdff557000 	C:\Windows\System32\cryptsp.dll
0x00007ffdfb270000 - 0x00007ffdfb27a000 	C:\Program Files\Java\jdk-11.0.1\bin\dt_socket.dll
0x00007ffdfe860000 - 0x00007ffdfe8c7000 	C:\Windows\System32\mswsock.dll
0x00007ffdfe5b0000 - 0x00007ffdfe67a000 	C:\Windows\SYSTEM32\DNSAPI.dll
0x00007ffe012e0000 - 0x00007ffe012e8000 	C:\Windows\System32\NSI.dll
0x00007ffdfe570000 - 0x00007ffdfe5aa000 	C:\Windows\SYSTEM32\IPHLPAPI.DLL
0x00007ffdf6e50000 - 0x00007ffdf6ec7000 	C:\Windows\System32\fwpuclnt.dll
0x00007ffdff110000 - 0x00007ffdff136000 	C:\Windows\System32\bcrypt.dll
0x00007ffdf6460000 - 0x00007ffdf646a000 	C:\Windows\System32\rasadhlp.dll
0x00007ffdf82b0000 - 0x00007ffdf82c9000 	C:\Program Files\Java\jdk-11.0.1\bin\net.dll
0x00007ffdf6780000 - 0x00007ffdf6870000 	C:\Windows\SYSTEM32\WINHTTP.dll
0x00007ffdf7880000 - 0x00007ffdf7893000 	C:\Program Files\Java\jdk-11.0.1\bin\nio.dll

dbghelp: loaded successfully - version: 4.0.5 - missing functions: none
symbol engine: initialized successfully - sym options: 0x614 - pdb path: .;C:\Program Files\Java\jdk-11.0.1\bin;C:\Windows\SYSTEM32;C:\Windows\WinSxS\amd64_microsoft.windows.common-controls_6595b64144ccf1df_6.0.18362.535_none_e6c3b34713100821;C:\Program Files\Java\jdk-11.0.1\bin\server

VM Arguments:
jvm_args: -agentlib:jdwp=transport=dt_socket,suspend=y,address=localhost:57389 -javaagent:C:\Users\Obador\eclipse\java-latest-released\eclipse\configuration\org.eclipse.osgi\626\0\.cp\lib\javaagent-shaded.jar -Dfile.encoding=Cp1252 
java_command: algorithms.Graph_Algo
java_class_path (initial): C:\Users\Obador\eclipse-workspace\Ex2\bin
Launcher Type: SUN_STANDARD

[Global flags]
     intx CICompilerCount                          = 3                                         {product} {ergonomic}
     uint ConcGCThreads                            = 1                                         {product} {ergonomic}
     uint G1ConcRefinementThreads                  = 4                                         {product} {ergonomic}
   size_t G1HeapRegionSize                         = 1048576                                   {product} {ergonomic}
    uintx GCDrainStackTargetSize                   = 64                                        {product} {ergonomic}
   size_t InitialHeapSize                          = 134217728                                 {product} {ergonomic}
   size_t MarkStackSize                            = 4194304                                   {product} {ergonomic}
   size_t MaxHeapSize                              = 2126512128                                {product} {ergonomic}
   size_t MaxNewSize                               = 1275068416                                {product} {ergonomic}
   size_t MinHeapDeltaBytes                        = 1048576                                   {product} {ergonomic}
    uintx NonNMethodCodeHeapSize                   = 5830092                                {pd product} {ergonomic}
    uintx NonProfiledCodeHeapSize                  = 122914074                              {pd product} {ergonomic}
    uintx ProfiledCodeHeapSize                     = 122914074                              {pd product} {ergonomic}
    uintx ReservedCodeCacheSize                    = 251658240                              {pd product} {ergonomic}
     bool SegmentedCodeCache                       = true                                      {product} {ergonomic}
     bool UseCompressedClassPointers               = true                                 {lp64_product} {ergonomic}
     bool UseCompressedOops                        = true                                 {lp64_product} {ergonomic}
     bool UseG1GC                                  = true                                      {product} {ergonomic}
     bool UseLargePagesIndividualAllocation        = false                                  {pd product} {ergonomic}

Logging:
Log output configuration:
 #0: stdout all=warning uptime,level,tags
 #1: stderr all=off uptime,level,tags

Environment Variables:
PATH=C:/Program Files/Java/jdk-11.0.1/bin/server;C:/Program Files/Java/jdk-11.0.1/bin;C:\Program Files (x86)\NVIDIA Corporation\PhysX\Common;C:\Windows\system32;C:\Windows;C:\Windows\System32\Wbem;C:\Windows\System32\WindowsPowerShell\v1.0\;C:\Windows\System32\OpenSSH\;C:\Program Files\Java\jdk-11.0.1\bin;C:\Program Files (x86)\Windows Kits\8.1\Windows Performance Toolkit\;C:\Users\Obador\AppData\Local\Microsoft\WindowsApps;;C:\Windows\System32;
USERNAME=Obador
OS=Windows_NT
PROCESSOR_IDENTIFIER=Intel64 Family 6 Model 42 Stepping 7, GenuineIntel



---------------  S Y S T E M  ---------------

OS: Windows 10 , 64 bit Build 18362 (10.0.18362.329)

CPU:total 4 (initial active 4) (2 cores per cpu, 2 threads per core) family 6 model 42 stepping 7, cmov, cx8, fxsr, mmx, sse, sse2, sse3, ssse3, sse4.1, sse4.2, popcnt, avx, aes, clmul, ht, tsc, tscinvbit

Memory: 4k page, system-wide physical 8104M (4448M free)
TotalPageFile size 9384M (AvailPageFile size 5015M)
current process WorkingSet (physical memory assigned to process): 43M, peak: 112M
current process commit charge ("private bytes"): 202M, peak: 274M

vm_info: Java HotSpot(TM) 64-Bit Server VM (11.0.1+13-LTS) for windows-amd64 JRE (11.0.1+13-LTS), built on Oct  6 2018 13:20:16 by "mach5one" with MS VC++ 15.5 (VS2017)

END.
